<?xml version="1.0" encoding="UTF-8"?>
<!-- Generated by org.testng.reporters.JUnitReportReporter -->
<testsuite hostname="Xyoss005" failures="0" tests="3" name="testCases.TC_015_Reservation_Details" time="31.667" errors="0" timestamp="2024-03-30T01:20:46 IST" skipped="0">
  <testcase classname="testCases.TC_015_Reservation_Details" name="searchReservation" time="8.735"/>
  <system-out/>
  <testcase classname="testCases.TC_015_Reservation_Details" name="showAllReservation" time="6.810"/>
  <system-out/>
  <testcase classname="testCases.TC_015_Reservation_Details" name="addNewReservation" time="16.122"/>
  <system-out/>
</testsuite> <!-- testCases.TC_015_Reservation_Details -->
